Using pre-set license
Built from '2021.3/staging' branch; Version is '2021.3.9f1 (ad3870b89536) revision 11352176'; Using compiler version '192829333'; Build Type 'Release'
OS: 'Windows 11  (10.0.22621) 64bit Core' Language: 'en' Physical Memory: 20322 MB
BatchMode: 1, IsHumanControllingUs: 0, StartBugReporterOnCrash: 0, Is64bit: 1, IsPro: 1

COMMAND LINE ARGUMENTS:
D:\2021.3.9f1\Editor\Unity.exe
-adb2
-batchMode
-noUpm
-name
AssetImportWorker0
-projectPath
D:/GITHUB/Balance/Balance
-logFile
Logs/AssetImportWorker0.log
-srvPort
57856
Successfully changed project path to: D:/GITHUB/Balance/Balance
D:/GITHUB/Balance/Balance
[UnityMemory] Configuration Parameters - Can be set up in boot.config
    "memorysetup-bucket-allocator-granularity=16"
    "memorysetup-bucket-allocator-bucket-count=8"
    "memorysetup-bucket-allocator-block-size=33554432"
    "memorysetup-bucket-allocator-block-count=8"
    "memorysetup-main-allocator-block-size=16777216"
    "memorysetup-thread-allocator-block-size=16777216"
    "memorysetup-gfx-main-allocator-block-size=16777216"
    "memorysetup-gfx-thread-allocator-block-size=16777216"
    "memorysetup-cache-allocator-block-size=4194304"
    "memorysetup-typetree-allocator-block-size=2097152"
    "memorysetup-profiler-bucket-allocator-granularity=16"
    "memorysetup-profiler-bucket-allocator-bucket-count=8"
    "memorysetup-profiler-bucket-allocator-block-size=33554432"
    "memorysetup-profiler-bucket-allocator-block-count=8"
    "memorysetup-profiler-allocator-block-size=16777216"
    "memorysetup-profiler-editor-allocator-block-size=1048576"
    "memorysetup-temp-allocator-size-main=16777216"
    "memorysetup-job-temp-allocator-block-size=2097152"
    "memorysetup-job-temp-allocator-block-size-background=1048576"
    "memorysetup-job-temp-allocator-reduction-small-platforms=262144"
    "memorysetup-temp-allocator-size-background-worker=32768"
    "memorysetup-temp-allocator-size-job-worker=262144"
    "memorysetup-temp-allocator-size-preload-manager=33554432"
    "memorysetup-temp-allocator-size-nav-mesh-worker=65536"
    "memorysetup-temp-allocator-size-audio-worker=65536"
    "memorysetup-temp-allocator-size-cloud-worker=32768"
    "memorysetup-temp-allocator-size-gi-baking-worker=262144"
    "memorysetup-temp-allocator-size-gfx=262144"
Refreshing native plugins compatible for Editor in 190.82 ms, found 7 plugins.
Preloading 0 native plugins for Editor in 0.00 ms.
Initialize engine version: 2021.3.9f1 (ad3870b89536)
[Subsystems] Discovering subsystems at path D:/2021.3.9f1/Editor/Data/Resources/UnitySubsystems
[Subsystems] Discovering subsystems at path D:/GITHUB/Balance/Balance/Assets
GfxDevice: creating device client; threaded=0; jobified=0
Direct3D:
    Version:  Direct3D 11.0 [level 11.1]
    Renderer: NVIDIA GeForce GTX 1050 (ID=0x1c8d)
    Vendor:   NVIDIA
    VRAM:     4019 MB
    Driver:   31.0.15.2225
Initialize mono
Mono path[0] = 'D:/2021.3.9f1/Editor/Data/Managed'
Mono path[1] = 'D:/2021.3.9f1/Editor/Data/MonoBleedingEdge/lib/mono/unityjit-win32'
Mono config path = 'D:/2021.3.9f1/Editor/Data/MonoBleedingEdge/etc'
Using monoOptions --debugger-agent=transport=dt_socket,embedding=1,server=y,suspend=n,address=127.0.0.1:56892
Begin MonoManager ReloadAssembly
Registering precompiled unity dll's ...
Register platform support module: D:/2021.3.9f1/Editor/Data/PlaybackEngines/WindowsStandaloneSupport/UnityEditor.WindowsStandalone.Extensions.dll
Registered in 0.002038 seconds.
Native extension for WindowsStandalone target not found
Refreshing native plugins compatible for Editor in 177.11 ms, found 7 plugins.
Preloading 0 native plugins for Editor in 0.00 ms.
Mono: successfully reloaded assembly
- Completed reload, in  1.026 seconds
Domain Reload Profiling:
	ReloadAssembly (1027ms)
		BeginReloadAssembly (148ms)
			ExecutionOrderSort (0ms)
			DisableScriptedObjects (0ms)
			BackupInstance (0ms)
			ReleaseScriptingObjects (0ms)
			CreateAndSetChildDomain (5ms)
		EndReloadAssembly (727ms)
			LoadAssemblies (138ms)
			RebuildTransferFunctionScriptingTraits (0ms)
			SetupTypeCache (176ms)
			ReleaseScriptCaches (0ms)
			RebuildScriptCaches (37ms)
			SetupLoadedEditorAssemblies (442ms)
				LogAssemblyErrors (0ms)
				InitializePlatformSupportModulesInManaged (8ms)
				SetLoadedEditorAssemblies (0ms)
				RefreshPlugins (177ms)
				BeforeProcessingInitializeOnLoad (2ms)
				ProcessInitializeOnLoadAttributes (194ms)
				ProcessInitializeOnLoadMethodAttributes (60ms)
				AfterProcessingInitializeOnLoad (0ms)
				EditorAssembliesLoaded (0ms)
			ExecutionOrderSort2 (0ms)
			AwakeInstancesAfterBackupRestoration (0ms)
Platform modules already initialized, skipping
Registering precompiled user dll's ...
Registered in 0.010892 seconds.
Begin MonoManager ReloadAssembly
Symbol file LoadedFromMemory doesn't match image D:\GITHUB\Balance\Balance\Library\PackageCache\com.unity.visualscripting@1.7.8\Editor\VisualScripting.Core\Dependencies\YamlDotNet\Unity.VisualScripting.YamlDotNet.dll
Symbol file LoadedFromMemory doesn't match image D:\GITHUB\Balance\Balance\Library\PackageCache\com.unity.visualscripting@1.7.8\Editor\VisualScripting.Core\Dependencies\DotNetZip\Unity.VisualScripting.IonicZip.dll
Native extension for WindowsStandalone target not found
Refreshing native plugins compatible for Editor in 161.42 ms, found 7 plugins.
Preloading 0 native plugins for Editor in 0.00 ms.
System.Exception: Error! Visual Scripting: couldn't find visual scripting package
  at Unity.VisualScripting.PackageVersionUtility.get_version () [0x00043] in D:\GITHUB\Balance\Balance\Library\PackageCache\com.unity.visualscripting@1.7.8\Editor\VisualScripting.Core\Utilities\PackageVersionUtility.cs:31 
  at Unity.VisualScripting.BoltCoreManifest.get_version () [0x00000] in D:\GITHUB\Balance\Balance\Library\PackageCache\com.unity.visualscripting@1.7.8\Editor\VisualScripting.Core\Plugin\BoltCoreManifest.cs:11 
  at Unity.VisualScripting.PluginManifest.get_currentVersion () [0x00000] in D:\GITHUB\Balance\Balance\Library\PackageCache\com.unity.visualscripting@1.7.8\Editor\VisualScripting.Core\Plugins\PluginManifest.cs:33 
  at Unity.VisualScripting.PluginManifest.get_versionMismatch () [0x00000] in D:\GITHUB\Balance\Balance\Library\PackageCache\com.unity.visualscripting@1.7.8\Editor\VisualScripting.Core\Plugins\PluginManifest.cs:48 
  at Unity.VisualScripting.PluginContainer.Initialize () [0x00525] in D:\GITHUB\Balance\Balance\Library\PackageCache\com.unity.visualscripting@1.7.8\Editor\VisualScripting.Core\Plugins\PluginContainer.cs:208 
  at Unity.VisualScripting.PluginContainer.InitializeOnLoad () [0x00009] in D:\GITHUB\Balance\Balance\Library\PackageCache\com.unity.visualscripting@1.7.8\Editor\VisualScripting.Core\Plugins\PluginContainer.cs:32 
  at Unity.VisualScripting.VSUsageUtility.DoInitializeOnLoadCalls () [0x00034] in D:\GITHUB\Balance\Balance\Library\PackageCache\com.unity.visualscripting@1.7.8\Editor\VisualScripting.Core\Utilities\VSUsageUtility.cs:76 
  at Unity.VisualScripting.VSUsageUtility.set_isVisualScriptingUsed (System.Boolean value) [0x0002c] in D:\GITHUB\Balance\Balance\Library\PackageCache\com.unity.visualscripting@1.7.8\Editor\VisualScripting.Core\Utilities\VSUsageUtility.cs:114 
  at Unity.VisualScripting.VSUsageUtility.CheckAndSetIsVisualScriptingUsed () [0x00032] in D:\GITHUB\Balance\Balance\Library\PackageCache\com.unity.visualscripting@1.7.8\Editor\VisualScripting.Core\Utilities\VSUsageUtility.cs:48 
  at Unity.VisualScripting.VSUsageUtility..cctor () [0x00000] in D:\GITHUB\Balance\Balance\Library\PackageCache\com.unity.visualscripting@1.7.8\Editor\VisualScripting.Core\Utilities\VSUsageUtility.cs:22 
UnityEngine.StackTraceUtility:ExtractStackTrace ()
UnityEngine.DebugLogHandler:LogFormat (UnityEngine.LogType,UnityEngine.Object,string,object[])
UnityEngine.Logger:Log (UnityEngine.LogType,object)
UnityEngine.Debug:LogError (object)
UnityEditor.EditorAssemblies:ProcessInitializeOnLoadAttributes (System.Type[])

Mono: successfully reloaded assembly
- Completed reload, in  2.716 seconds
Domain Reload Profiling:
	ReloadAssembly (2718ms)
		BeginReloadAssembly (240ms)
			ExecutionOrderSort (0ms)
			DisableScriptedObjects (9ms)
			BackupInstance (0ms)
			ReleaseScriptingObjects (1ms)
			CreateAndSetChildDomain (41ms)
		EndReloadAssembly (2254ms)
			LoadAssemblies (214ms)
			RebuildTransferFunctionScriptingTraits (0ms)
			SetupTypeCache (533ms)
			ReleaseScriptCaches (1ms)
			RebuildScriptCaches (120ms)
			SetupLoadedEditorAssemblies (1399ms)
				LogAssemblyErrors (0ms)
				InitializePlatformSupportModulesInManaged (3ms)
				SetLoadedEditorAssemblies (0ms)
				RefreshPlugins (161ms)
				BeforeProcessingInitializeOnLoad (126ms)
				ProcessInitializeOnLoadAttributes (996ms)
				ProcessInitializeOnLoadMethodAttributes (109ms)
				AfterProcessingInitializeOnLoad (2ms)
				EditorAssembliesLoaded (0ms)
			ExecutionOrderSort2 (0ms)
			AwakeInstancesAfterBackupRestoration (7ms)
Platform modules already initialized, skipping
========================================================================
Worker process is ready to serve import requests
Launched and connected shader compiler UnityShaderCompiler.exe after 0.09 seconds
Refreshing native plugins compatible for Editor in 3.26 ms, found 7 plugins.
Preloading 0 native plugins for Editor in 0.00 ms.
Unloading 6111 Unused Serialized files (Serialized files now loaded: 0)
Unloading 47 unused Assets / (1.5 MB). Loaded Objects now: 6556.
Memory consumption went from 236.7 MB to 235.3 MB.
Total: 19.222200 ms (FindLiveObjects: 0.543000 ms CreateObjectMapping: 0.464600 ms MarkObjects: 17.767100 ms  DeleteObjects: 0.445400 ms)

AssetImportParameters requested are different than current active one (requested -> active):
  custom:video-decoder-ogg-theora: a1e56fd34408186e4bbccfd4996cb3dc -> 
  custom:container-muxer-webm: aa71ff27fc2769a1b78a27578f13a17b -> 
  custom:container-demuxer-webm: 4f35f7cbe854078d1ac9338744f61a02 -> 
  custom:video-encoder-webm-vp8: eb34c28f22e8b96e1ab97ce403110664 -> 
  custom:audio-encoder-webm-vorbis: bf7c407c2cedff20999df2af8eb42d56 -> 
  custom:framework-win-MediaFoundation: 216162199b28c13a410421893ffa2e32 -> 
  custom:container-demuxer-ogg: 62fdf1f143b41e24485cea50d1cbac27 -> 
  custom:video-decoder-webm-vp8: 9c59270c3fd7afecdb556c50c9e8de78 -> 
  custom:audio-decoder-ogg-vorbis: bf7c407c2cedff20999df2af8eb42d56 -> 
========================================================================
Received Import Request.
  Time since last request: 9782.024765 seconds.
  path: Assets/Scenes/Prototype
  artifactKey: Guid(a8890492cb3937f4d9d5bcc0c9e99dfa) Importer(815301076,1909f56bfc062723c751e8b465ee728b)
Start importing Assets/Scenes/Prototype using Guid(a8890492cb3937f4d9d5bcc0c9e99dfa) Importer(815301076,1909f56bfc062723c751e8b465ee728b)  -> (artifact id: 'bf019d5b0c1872d4d0fbcb7935e6a1ac') in 0.015131 seconds 
========================================================================
Received Import Request.
  Time since last request: 0.000025 seconds.
  path: Assets/Scenes/Prototype/Game.unity
  artifactKey: Guid(acf5f7fe20b916e4eb0415604b879835) Importer(815301076,1909f56bfc062723c751e8b465ee728b)
Start importing Assets/Scenes/Prototype/Game.unity using Guid(acf5f7fe20b916e4eb0415604b879835) Importer(815301076,1909f56bfc062723c751e8b465ee728b)  -> (artifact id: 'eabd6397e8791f128a97e0ab630690ba') in 0.005237 seconds 
========================================================================
Received Import Request.
  Time since last request: 95.189428 seconds.
  path: Assets/Resources
  artifactKey: Guid(6324f2b8cc4ffd24db22e531c6adc7ca) Importer(815301076,1909f56bfc062723c751e8b465ee728b)
Start importing Assets/Resources using Guid(6324f2b8cc4ffd24db22e531c6adc7ca) Importer(815301076,1909f56bfc062723c751e8b465ee728b)  -> (artifact id: '8f916e8a8211423c84aa9923ffe671f3') in 0.007695 seconds 
========================================================================
Received Import Request.
  Time since last request: 1.341450 seconds.
  path: Assets/Resources/Stylized Wood Textures
  artifactKey: Guid(8715e7145b77f0b4dbfe6e2d1f147fbb) Importer(815301076,1909f56bfc062723c751e8b465ee728b)
Start importing Assets/Resources/Stylized Wood Textures using Guid(8715e7145b77f0b4dbfe6e2d1f147fbb) Importer(815301076,1909f56bfc062723c751e8b465ee728b)  -> (artifact id: '33dd7c905b17970be1f2d8646c7fd820') in 0.006530 seconds 
========================================================================
Received Import Request.
  Time since last request: 0.928465 seconds.
  path: Assets/Resources/Stylized Wood Textures/Materials
  artifactKey: Guid(c2d16f73abf114443b1d40e128bc7e22) Importer(815301076,1909f56bfc062723c751e8b465ee728b)
Start importing Assets/Resources/Stylized Wood Textures/Materials using Guid(c2d16f73abf114443b1d40e128bc7e22) Importer(815301076,1909f56bfc062723c751e8b465ee728b)  -> (artifact id: '80e318aa30787e953e783d61a6394d33') in 0.011899 seconds 
========================================================================
Received Import Request.
  Time since last request: 0.634051 seconds.
  path: Assets/Resources/Stylized Wood Textures/Materials/Planks
  artifactKey: Guid(743609d7bf717f945b97686cdda0774a) Importer(815301076,1909f56bfc062723c751e8b465ee728b)
Start importing Assets/Resources/Stylized Wood Textures/Materials/Planks using Guid(743609d7bf717f945b97686cdda0774a) Importer(815301076,1909f56bfc062723c751e8b465ee728b)  -> (artifact id: '7d275d1026139b7aa3accdce967b2ab3') in 0.008492 seconds 
========================================================================
Received Import Request.
  Time since last request: 0.035942 seconds.
  path: Assets/Resources/Stylized Wood Textures/Materials/Planks/Planks.mat
  artifactKey: Guid(a384b583426023d4da68d3f25e868451) Importer(815301076,1909f56bfc062723c751e8b465ee728b)
Start importing Assets/Resources/Stylized Wood Textures/Materials/Planks/Planks.mat using Guid(a384b583426023d4da68d3f25e868451) Importer(815301076,1909f56bfc062723c751e8b465ee728b)  -> (artifact id: '6cc117e17e774ac2411fd22e4a32721e') in 0.498769 seconds 
========================================================================
Received Import Request.
  Time since last request: 95.085953 seconds.
  path: Assets/Resources/Stylized Wood Textures
  artifactKey: Guid(6968418acbe97be44be551926e3269db) Importer(815301076,1909f56bfc062723c751e8b465ee728b)
Start importing Assets/Resources/Stylized Wood Textures using Guid(6968418acbe97be44be551926e3269db) Importer(815301076,1909f56bfc062723c751e8b465ee728b)  -> (artifact id: '32b4db4daf8765b7755c3831206b71da') in 0.002244 seconds 
========================================================================
Received Import Request.
  Time since last request: 1.025506 seconds.
  path: Assets/Resources/Stylized Wood Textures/Textures
  artifactKey: Guid(1936428fe564a324f849422d248400de) Importer(815301076,1909f56bfc062723c751e8b465ee728b)
Start importing Assets/Resources/Stylized Wood Textures/Textures using Guid(1936428fe564a324f849422d248400de) Importer(815301076,1909f56bfc062723c751e8b465ee728b)  -> (artifact id: '1d1b63f88df6d3efdba5af48d5ea13c8') in 0.011116 seconds 
========================================================================
Received Import Request.
  Time since last request: 1.601719 seconds.
  path: Assets/Resources/Stylized Wood Textures/Textures/Planks
  artifactKey: Guid(e8848719f26cec34b8ce87026931f7ae) Importer(815301076,1909f56bfc062723c751e8b465ee728b)
Start importing Assets/Resources/Stylized Wood Textures/Textures/Planks using Guid(e8848719f26cec34b8ce87026931f7ae) Importer(815301076,1909f56bfc062723c751e8b465ee728b)  -> (artifact id: '437d074b7925c9e80c15bf47910bbb70') in 0.002272 seconds 
========================================================================
Received Import Request.
  Time since last request: 0.086075 seconds.
  path: Assets/Resources/Stylized Wood Textures/Textures/Planks/Wood_Planks_ambientocclusion.png
  artifactKey: Guid(85a567c972364f747b395624dd04d027) Importer(815301076,1909f56bfc062723c751e8b465ee728b)
Start importing Assets/Resources/Stylized Wood Textures/Textures/Planks/Wood_Planks_ambientocclusion.png using Guid(85a567c972364f747b395624dd04d027) Importer(815301076,1909f56bfc062723c751e8b465ee728b)  -> (artifact id: '2f90f1b8bf2094d590e219d583553727') in 0.059702 seconds 
========================================================================
Received Import Request.
  Time since last request: 0.000042 seconds.
  path: Assets/Resources/Stylized Wood Textures/Textures/Planks/Wood_Planks_metallic.png
  artifactKey: Guid(7fed49ec704c7ae489e477e9e6dde3aa) Importer(815301076,1909f56bfc062723c751e8b465ee728b)
Start importing Assets/Resources/Stylized Wood Textures/Textures/Planks/Wood_Planks_metallic.png using Guid(7fed49ec704c7ae489e477e9e6dde3aa) Importer(815301076,1909f56bfc062723c751e8b465ee728b)  -> (artifact id: '188bf32dceca091491f1a1c24cadfedd') in 0.045227 seconds 
========================================================================
Received Import Request.
  Time since last request: 0.000170 seconds.
  path: Assets/Resources/Stylized Wood Textures/Textures/Planks/Wood_Planks_height.png
  artifactKey: Guid(3623063cbfe883141939161b36eca79c) Importer(815301076,1909f56bfc062723c751e8b465ee728b)
Start importing Assets/Resources/Stylized Wood Textures/Textures/Planks/Wood_Planks_height.png using Guid(3623063cbfe883141939161b36eca79c) Importer(815301076,1909f56bfc062723c751e8b465ee728b)  -> (artifact id: '00451e0518fb0863513627053990a5b4') in 0.039884 seconds 
Editor requested this worker to shutdown with reason: Scaling down because of idle timeout
AssetImportWorker is now disconnected from the server
Process exiting
Exiting without the bug reporter. Application will terminate with return code 0